[06/03/2021 à 22:30:22] - [INFO] - Je suis prêt !
[06/03/2021 à 22:33:44] - [INFO] - Je suis prêt !
[06/03/2021 à 22:33:52] - [INFO] - Un nouveau membre est là
[06/03/2021 à 22:33:52] - [WARN] - Attention !!
[06/03/2021 à 22:33:52] - [ERROR] - Une erreur est survenue :(
[06/03/2021 à 22:34:45] - [INFO] - Je suis prêt !
[06/03/2021 à 22:35:19] - [INFO] - Un nouveau membre est là
[06/03/2021 à 22:35:19] - [WARN] - Attention !!
[06/03/2021 à 22:35:19] - [ERROR] - Une erreur est survenue :(
[06/03/2021 à 22:39:07] - [INFO] - Je suis prêt !
[06/03/2021 à 22:42:28] - [INFO] - Je suis prêt !
[06/03/2021 à 22:46:03] - [INFO] - Je suis prêt !
[06/03/2021 à 22:46:45] - [INFO] - Je suis prêt !
[06/03/2021 à 22:51:02] - [WARN] - Attempting to register an invalid command object: [object Object]; skipping.
[06/03/2021 à 22:51:03] - [INFO] - Je suis prêt !
[06/03/2021 à 22:51:47] - [WARN] - Attempting to register an invalid command object: [object Object]; skipping.
[06/03/2021 à 22:51:48] - [INFO] - Je suis prêt !
[07/03/2021 à 14:20:25] - [WARN] - Attempting to register an invalid command object: [object Object]; skipping.
[07/03/2021 à 14:20:26] - [INFO] - Je suis prêt !
[07/03/2021 à 14:21:58] - [WARN] - Attempting to register an invalid command object: [object Object]; skipping.
[07/03/2021 à 14:21:59] - [INFO] - Je suis prêt !
[07/03/2021 à 14:27:34] - [INFO] - Un nouveau membre est là
[07/03/2021 à 14:27:34] - [WARN] - Attention !!
[07/03/2021 à 14:27:34] - [ERROR] - Une erreur est survenue :(
[07/03/2021 à 14:28:41] - [WARN] - Attempting to register an invalid command object: [object Object]; skipping.
[07/03/2021 à 14:28:42] - [INFO] - Je suis prêt !
[07/03/2021 à 14:29:40] - [WARN] - Attempting to register an invalid command object: [object Object]; skipping.
[07/03/2021 à 14:29:41] - [INFO] - Je suis prêt !
[07/03/2021 à 14:33:54] - [WARN] - Attempting to register an invalid command object: [object Object]; skipping.
[07/03/2021 à 14:33:54] - [WARN] - Attempting to register an invalid command object: [object Object]; skipping.
[07/03/2021 à 14:33:55] - [INFO] - Je suis prêt !
[07/03/2021 à 14:36:15] - [WARN] - Attempting to register an invalid command object: [object Object]; skipping.
[07/03/2021 à 14:36:16] - [INFO] - Je suis prêt !
[07/03/2021 à 14:36:32] - [WARN] - Attempting to register an invalid command object: [object Object]; skipping.
[07/03/2021 à 14:36:34] - [INFO] - Je suis prêt !
[07/03/2021 à 14:37:50] - [WARN] - Attempting to register an invalid command object: [object Object]; skipping.
[07/03/2021 à 14:37:51] - [INFO] - Je suis prêt !
[07/03/2021 à 14:40:33] - [WARN] - Attempting to register an invalid command object: [object Object]; skipping.
[07/03/2021 à 14:40:33] - [INFO] - Je suis prêt !
[07/03/2021 à 14:41:29] - [WARN] - Attempting to register an invalid command object: [object Object]; skipping.
[07/03/2021 à 14:41:30] - [INFO] - Je suis prêt !
[07/03/2021 à 14:47:35] - [INFO] - Je suis prêt !
[07/03/2021 à 14:47:35] - [INFO] - Bot identifié en tant que TEST974#2057! (817859509677719583)
[07/03/2021 à 14:48:45] - [INFO] - Je suis prêt !
[07/03/2021 à 14:49:09] - [INFO] - Je suis prêt !
[07/03/2021 à 14:49:09] - [INFO] - Bot identifié en tant que TEST974#2057! (817859509677719583)
[07/03/2021 à 14:50:01] - [INFO] - Je suis prêt !
[07/03/2021 à 14:51:58] - [INFO] - Je suis prêt !
[07/03/2021 à 14:52:42] - [INFO] - Je suis prêt !
[07/03/2021 à 14:52:42] - [INFO] - Bot identifié en tant que TEST974#2057! (817859509677719583)
[07/03/2021 à 14:55:43] - [INFO] - Je suis prêt !
[07/03/2021 à 14:55:43] - [INFO] - Bot identifié en tant que TEST974#2057! (817859509677719583)
[07/03/2021 à 14:55:58] - [ERROR] - Role 'Modérateur' non trouvé sur ce serveur.
[07/03/2021 à 14:56:44] - [INFO] - Je suis prêt !
[07/03/2021 à 14:56:44] - [INFO] - Bot identifié en tant que TEST974#2057! (817859509677719583)
[07/03/2021 à 14:57:05] - [ERROR] - Role 'Modérateur' non trouvé sur ce serveur.
[07/03/2021 à 14:59:08] - [ERROR] - Role 'Modérateur' non trouvé sur ce serveur.
[07/03/2021 à 15:00:19] - [INFO] - Je suis prêt !
[07/03/2021 à 15:00:19] - [INFO] - Bot identifié en tant que TEST974#2057! (817859509677719583)
[07/03/2021 à 15:00:27] - [ERROR] - Role 'Moderator' non trouvé sur ce serveur.
[07/03/2021 à 15:02:47] - [INFO] - Je suis prêt !
[07/03/2021 à 15:02:47] - [INFO] - Bot identifié en tant que TEST974#2057! (817859509677719583)
[07/03/2021 à 15:02:56] - [INFO] - Role 'Chacal' ajouté sur Text Channels.
[07/03/2021 à 15:02:56] - [INFO] - Role 'Chacal' ajouté sur Voice Channels.
[07/03/2021 à 15:02:56] - [INFO] - Role 'Chacal' ajouté sur general.
[07/03/2021 à 15:02:56] - [INFO] - Role 'Chacal' ajouté sur General.
[07/03/2021 à 15:05:27] - [INFO] - Je suis prêt !
[07/03/2021 à 15:05:27] - [INFO] - Bot identifié en tant que TEST974#2057! (817859509677719583)
[07/03/2021 à 15:08:23] - [INFO] - Je suis prêt !
[07/03/2021 à 15:08:23] - [INFO] - Bot identifié en tant que TEST974#2057! (817859509677719583)
[07/03/2021 à 15:13:12] - [INFO] - Je suis prêt !
[07/03/2021 à 15:13:12] - [INFO] - Bot identifié en tant que TEST974#2057! (817859509677719583)
[07/03/2021 à 15:15:19] - [INFO] - Je suis prêt !
[07/03/2021 à 15:15:19] - [INFO] - Bot identifié en tant que TEST974#2057! (817859509677719583)
[07/03/2021 à 15:18:52] - [INFO] - Je suis prêt !
[07/03/2021 à 15:18:52] - [INFO] - Bot identifié en tant que TEST974#2057! (817859509677719583)
[07/03/2021 à 18:03:56] - [INFO] - Je suis prêt !
[07/03/2021 à 18:03:56] - [INFO] - Bot identifié en tant que TEST974#2057! (817859509677719583)
[07/03/2021 à 18:13:40] - [INFO] - Je suis prêt !
[07/03/2021 à 18:13:40] - [INFO] - Bot identifié en tant que PEPE GUARDIOLA#2057! (817859509677719583)
[07/03/2021 à 18:14:47] - [ERROR] - DogApi is not defined
[07/03/2021 à 18:18:19] - [INFO] - Je suis prêt !
[07/03/2021 à 18:18:19] - [INFO] - Bot identifié en tant que PEPE GUARDIOLA#2057! (817859509677719583)
[07/03/2021 à 18:23:40] - [INFO] - Je suis prêt !
[07/03/2021 à 18:23:40] - [INFO] - Bot identifié en tant que PEPE GUARDIOLA#2057! (817859509677719583)
[07/03/2021 à 18:25:00] - [INFO] - Je suis prêt !
[07/03/2021 à 18:25:00] - [INFO] - Bot identifié en tant que PEPE GUARDIOLA#2057! (817859509677719583)
[07/03/2021 à 18:34:40] - [INFO] - Je suis prêt !
[07/03/2021 à 18:34:40] - [INFO] - Bot identifié en tant que PEPE GUARDIOLA#2057! (817859509677719583)
[07/03/2021 à 18:39:13] - [INFO] - Je suis prêt !
[07/03/2021 à 18:39:14] - [INFO] - Bot identifié en tant que PEPE GUARDIOLA#2057! (817859509677719583)
[07/03/2021 à 18:40:03] - [INFO] - Je suis prêt !
[07/03/2021 à 18:40:03] - [INFO] - Bot identifié en tant que PEPE GUARDIOLA#2057! (817859509677719583)
[07/03/2021 à 18:45:08] - [INFO] - Je suis prêt !
[07/03/2021 à 18:45:08] - [INFO] - Bot identifié en tant que PEPE GUARDIOLA#2057! (817859509677719583)
[07/03/2021 à 18:47:06] - [INFO] - Je suis prêt !
[07/03/2021 à 18:47:06] - [INFO] - Bot identifié en tant que PEPE GUARDIOLA#2057! (817859509677719583)
[07/03/2021 à 18:48:11] - [INFO] - Je suis prêt !
[07/03/2021 à 18:48:11] - [INFO] - Bot identifié en tant que PEPE GUARDIOLA#2057! (817859509677719583)
[07/03/2021 à 18:50:29] - [INFO] - Je suis prêt !
[07/03/2021 à 18:50:29] - [INFO] - Bot identifié en tant que PEPE GUARDIOLA#2057! (817859509677719583)
[07/03/2021 à 18:52:02] - [INFO] - Je suis prêt !
[07/03/2021 à 18:52:02] - [INFO] - Bot identifié en tant que PEPE GUARDIOLA#2057! (817859509677719583)
[07/03/2021 à 18:54:17] - [INFO] - Je suis prêt !
[07/03/2021 à 18:54:17] - [INFO] - Bot identifié en tant que PEPE GUARDIOLA#2057! (817859509677719583)
[07/03/2021 à 18:55:55] - [INFO] - Je suis prêt !
[07/03/2021 à 18:55:55] - [INFO] - Bot identifié en tant que PEPE GUARDIOLA#2057! (817859509677719583)
[07/03/2021 à 19:04:33] - [INFO] - Je suis prêt !
[07/03/2021 à 19:04:33] - [INFO] - Bot identifié en tant que PEPE GUARDIOLA#2057! (817859509677719583)
[07/03/2021 à 19:20:54] - [ERROR] - Command name must be lowercase.
[07/03/2021 à 19:21:51] - [ERROR] - Command aliases must be lowercase.
[07/03/2021 à 19:22:17] - [INFO] - Je suis prêt !
[07/03/2021 à 19:22:17] - [INFO] - Bot identifié en tant que PEPE GUARDIOLA#2057! (817859509677719583)
[07/03/2021 à 19:28:59] - [INFO] - Je suis prêt !
[07/03/2021 à 19:28:59] - [INFO] - Bot identifié en tant que PEPE GUARDIOLA#2057! (817859509677719583)
[07/03/2021 à 19:31:53] - [INFO] - Je suis prêt !
[07/03/2021 à 19:31:53] - [INFO] - Bot identifié en tant que PEPE GUARDIOLA#2057! (817859509677719583)
[07/03/2021 à 19:40:29] - [ERROR] - Cannot find module '../services/pokedex'
Require stack:
- C:\Users\famil\Documents\CAMIL\Bot\commands\divers\pokemon.js
- C:\Users\famil\Documents\CAMIL\Bot\node_modules\require-all\index.js
- C:\Users\famil\Documents\CAMIL\Bot\node_modules\discord.js-commando\src\registry.js
- C:\Users\famil\Documents\CAMIL\Bot\node_modules\discord.js-commando\src\client.js
- C:\Users\famil\Documents\CAMIL\Bot\node_modules\discord.js-commando\src\index.js
- C:\Users\famil\Documents\CAMIL\Bot\client.js
- C:\Users\famil\Documents\CAMIL\Bot\bot.js
[07/03/2021 à 19:41:57] - [ERROR] - Cannot find module '../services/pokedex'
Require stack:
- C:\Users\famil\Documents\CAMIL\Bot\commands\divers\pokemon.js
- C:\Users\famil\Documents\CAMIL\Bot\node_modules\require-all\index.js
- C:\Users\famil\Documents\CAMIL\Bot\node_modules\discord.js-commando\src\registry.js
- C:\Users\famil\Documents\CAMIL\Bot\node_modules\discord.js-commando\src\client.js
- C:\Users\famil\Documents\CAMIL\Bot\node_modules\discord.js-commando\src\index.js
- C:\Users\famil\Documents\CAMIL\Bot\client.js
- C:\Users\famil\Documents\CAMIL\Bot\bot.js
[07/03/2021 à 19:44:40] - [INFO] - Je suis prêt !
[07/03/2021 à 19:44:40] - [INFO] - Bot identifié en tant que PEPE GUARDIOLA#2057! (817859509677719583)
[07/03/2021 à 19:46:06] - [INFO] - Je suis prêt !
[07/03/2021 à 19:46:06] - [INFO] - Bot identifié en tant que PEPE GUARDIOLA#2057! (817859509677719583)
[07/03/2021 à 20:07:22] - [ERROR] - Cannot find module '../../api/CatApi'
Require stack:
- C:\Users\famil\Documents\CAMIL\Bot\commands\divers\cat.js
- C:\Users\famil\Documents\CAMIL\Bot\node_modules\require-all\index.js
- C:\Users\famil\Documents\CAMIL\Bot\node_modules\discord.js-commando\src\registry.js
- C:\Users\famil\Documents\CAMIL\Bot\node_modules\discord.js-commando\src\client.js
- C:\Users\famil\Documents\CAMIL\Bot\node_modules\discord.js-commando\src\index.js
- C:\Users\famil\Documents\CAMIL\Bot\client.js
- C:\Users\famil\Documents\CAMIL\Bot\bot.js
[07/03/2021 à 20:12:06] - [ERROR] - Cannot find module '../../api/HowToApi'
Require stack:
- C:\Users\famil\Documents\CAMIL\Bot\commands\divers\howto.js
- C:\Users\famil\Documents\CAMIL\Bot\node_modules\require-all\index.js
- C:\Users\famil\Documents\CAMIL\Bot\node_modules\discord.js-commando\src\registry.js
- C:\Users\famil\Documents\CAMIL\Bot\node_modules\discord.js-commando\src\client.js
- C:\Users\famil\Documents\CAMIL\Bot\node_modules\discord.js-commando\src\index.js
- C:\Users\famil\Documents\CAMIL\Bot\client.js
- C:\Users\famil\Documents\CAMIL\Bot\bot.js
[07/03/2021 à 20:14:22] - [ERROR] - Cannot find module '../../api/HowToApi'
Require stack:
- C:\Users\famil\Documents\CAMIL\Bot\commands\divers\howto.js
- C:\Users\famil\Documents\CAMIL\Bot\node_modules\require-all\index.js
- C:\Users\famil\Documents\CAMIL\Bot\node_modules\discord.js-commando\src\registry.js
- C:\Users\famil\Documents\CAMIL\Bot\node_modules\discord.js-commando\src\client.js
- C:\Users\famil\Documents\CAMIL\Bot\node_modules\discord.js-commando\src\index.js
- C:\Users\famil\Documents\CAMIL\Bot\client.js
- C:\Users\famil\Documents\CAMIL\Bot\bot.js
[07/03/2021 à 20:14:52] - [ERROR] - Cannot find module '../../api/HowToApi'
Require stack:
- c:\Users\famil\Documents\CAMIL\Bot\commands\divers\howto.js
- c:\Users\famil\Documents\CAMIL\Bot\node_modules\require-all\index.js
- c:\Users\famil\Documents\CAMIL\Bot\node_modules\discord.js-commando\src\registry.js
- c:\Users\famil\Documents\CAMIL\Bot\node_modules\discord.js-commando\src\client.js
- c:\Users\famil\Documents\CAMIL\Bot\node_modules\discord.js-commando\src\index.js
- c:\Users\famil\Documents\CAMIL\Bot\client.js
- c:\Users\famil\Documents\CAMIL\Bot\bot.js
[07/03/2021 à 20:17:09] - [ERROR] - Cannot find module '../../api/HowToApi'
Require stack:
- C:\Users\famil\Documents\CAMIL\Bot\commands\divers\howto.js
- C:\Users\famil\Documents\CAMIL\Bot\node_modules\require-all\index.js
- C:\Users\famil\Documents\CAMIL\Bot\node_modules\discord.js-commando\src\registry.js
- C:\Users\famil\Documents\CAMIL\Bot\node_modules\discord.js-commando\src\client.js
- C:\Users\famil\Documents\CAMIL\Bot\node_modules\discord.js-commando\src\index.js
- C:\Users\famil\Documents\CAMIL\Bot\client.js
- C:\Users\famil\Documents\CAMIL\Bot\bot.js
[07/03/2021 à 20:17:56] - [ERROR] - Cannot find module '../services/pokedex'
Require stack:
- C:\Users\famil\Documents\CAMIL\Bot\commands\divers\pokemon.js
- C:\Users\famil\Documents\CAMIL\Bot\node_modules\require-all\index.js
- C:\Users\famil\Documents\CAMIL\Bot\node_modules\discord.js-commando\src\registry.js
- C:\Users\famil\Documents\CAMIL\Bot\node_modules\discord.js-commando\src\client.js
- C:\Users\famil\Documents\CAMIL\Bot\node_modules\discord.js-commando\src\index.js
- C:\Users\famil\Documents\CAMIL\Bot\client.js
- C:\Users\famil\Documents\CAMIL\Bot\bot.js
[07/03/2021 à 20:18:29] - [WARN] - Attempting to register an invalid command object: [object Object]; skipping.
[07/03/2021 à 20:18:30] - [INFO] - Je suis prêt !
[07/03/2021 à 20:19:38] - [WARN] - Attempting to register an invalid command object: [object Object]; skipping.
[07/03/2021 à 20:19:39] - [INFO] - Je suis prêt !
[07/03/2021 à 20:25:07] - [WARN] - Attempting to register an invalid command object: [object Object]; skipping.
[07/03/2021 à 20:25:08] - [INFO] - Je suis prêt !
[07/03/2021 à 20:27:50] - [WARN] - Attempting to register an invalid command object: [object Object]; skipping.
[07/03/2021 à 20:27:51] - [INFO] - Je suis prêt !
[07/03/2021 à 20:27:51] - [INFO] - Bot identifié en tant que PEPE GUARDIOLA#2057! (817859509677719583)
[07/03/2021 à 20:28:40] - [WARN] - Attempting to register an invalid command object: [object Object]; skipping.
[07/03/2021 à 20:28:41] - [INFO] - Je suis prêt !
[07/03/2021 à 20:28:41] - [INFO] - Bot identifié en tant que PEPE GUARDIOLA#2057! (817859509677719583)
[07/03/2021 à 20:39:51] - [WARN] - Attempting to register an invalid command object: [object Object]; skipping.
[07/03/2021 à 20:39:52] - [INFO] - Je suis prêt !
[07/03/2021 à 20:39:52] - [INFO] - Bot identifié en tant que PEPE GUARDIOLA#2057! (817859509677719583)
[07/03/2021 à 20:43:27] - [WARN] - Attempting to register an invalid command object: [object Object]; skipping.
[07/03/2021 à 20:43:28] - [INFO] - Je suis prêt !
[07/03/2021 à 20:43:28] - [INFO] - Bot identifié en tant que PEPE GUARDIOLA#2057! (817859509677719583)
[07/03/2021 à 20:44:44] - [WARN] - Attempting to register an invalid command object: [object Object]; skipping.
[07/03/2021 à 20:44:45] - [INFO] - Je suis prêt !
[07/03/2021 à 20:44:45] - [INFO] - Bot identifié en tant que PEPE GUARDIOLA#2057! (817859509677719583)
[07/03/2021 à 20:46:33] - [WARN] - Attempting to register an invalid command object: [object Object]; skipping.
[07/03/2021 à 20:46:34] - [INFO] - Je suis prêt !
[07/03/2021 à 20:46:34] - [INFO] - Bot identifié en tant que PEPE GUARDIOLA#2057! (817859509677719583)
[07/03/2021 à 20:50:14] - [WARN] - Attempting to register an invalid command object: [object Object]; skipping.
[07/03/2021 à 20:50:16] - [INFO] - Je suis prêt !
[07/03/2021 à 20:50:16] - [INFO] - Bot identifié en tant que PEPE GUARDIOLA#2057! (817859509677719583)
[07/03/2021 à 20:53:41] - [ERROR] - Cannot find module 'quick.db'
Require stack:
- C:\Users\famil\Documents\CAMIL\Bot\commands\divers\server.js
- C:\Users\famil\Documents\CAMIL\Bot\node_modules\require-all\index.js
- C:\Users\famil\Documents\CAMIL\Bot\node_modules\discord.js-commando\src\registry.js
- C:\Users\famil\Documents\CAMIL\Bot\node_modules\discord.js-commando\src\client.js
- C:\Users\famil\Documents\CAMIL\Bot\node_modules\discord.js-commando\src\index.js
- C:\Users\famil\Documents\CAMIL\Bot\client.js
- C:\Users\famil\Documents\CAMIL\Bot\bot.js
[07/03/2021 à 20:56:42] - [ERROR] - Could not locate the bindings file. Tried:
 → C:\Users\famil\Documents\CAMIL\Bot\node_modules\better-sqlite3\build\better_sqlite3.node
 → C:\Users\famil\Documents\CAMIL\Bot\node_modules\better-sqlite3\build\Debug\better_sqlite3.node
 → C:\Users\famil\Documents\CAMIL\Bot\node_modules\better-sqlite3\build\Release\better_sqlite3.node
 → C:\Users\famil\Documents\CAMIL\Bot\node_modules\better-sqlite3\out\Debug\better_sqlite3.node
 → C:\Users\famil\Documents\CAMIL\Bot\node_modules\better-sqlite3\Debug\better_sqlite3.node
 → C:\Users\famil\Documents\CAMIL\Bot\node_modules\better-sqlite3\out\Release\better_sqlite3.node
 → C:\Users\famil\Documents\CAMIL\Bot\node_modules\better-sqlite3\Release\better_sqlite3.node
 → C:\Users\famil\Documents\CAMIL\Bot\node_modules\better-sqlite3\build\default\better_sqlite3.node
 → C:\Users\famil\Documents\CAMIL\Bot\node_modules\better-sqlite3\compiled\14.16.0\win32\x64\better_sqlite3.node
 → C:\Users\famil\Documents\CAMIL\Bot\node_modules\better-sqlite3\addon-build\release\install-root\better_sqlite3.node
 → C:\Users\famil\Documents\CAMIL\Bot\node_modules\better-sqlite3\addon-build\debug\install-root\better_sqlite3.node
 → C:\Users\famil\Documents\CAMIL\Bot\node_modules\better-sqlite3\addon-build\default\install-root\better_sqlite3.node
 → C:\Users\famil\Documents\CAMIL\Bot\node_modules\better-sqlite3\lib\binding\node-v83-win32-x64\better_sqlite3.node
[07/03/2021 à 20:57:46] - [ERROR] - Cannot find module 'better-sqlite3'
Require stack:
- C:\Users\famil\Documents\CAMIL\Bot\node_modules\quick.db\src\index.js
- C:\Users\famil\Documents\CAMIL\Bot\node_modules\quick.db\index.js
- C:\Users\famil\Documents\CAMIL\Bot\commands\divers\server.js
- C:\Users\famil\Documents\CAMIL\Bot\node_modules\require-all\index.js
- C:\Users\famil\Documents\CAMIL\Bot\node_modules\discord.js-commando\src\registry.js
- C:\Users\famil\Documents\CAMIL\Bot\node_modules\discord.js-commando\src\client.js
- C:\Users\famil\Documents\CAMIL\Bot\node_modules\discord.js-commando\src\index.js
- C:\Users\famil\Documents\CAMIL\Bot\client.js
- C:\Users\famil\Documents\CAMIL\Bot\bot.js
[07/03/2021 à 21:06:05] - [ERROR] - Cannot find module 'better-sqlite3'
Require stack:
- C:\Users\famil\Documents\CAMIL\Bot\node_modules\quick.db\src\index.js
- C:\Users\famil\Documents\CAMIL\Bot\node_modules\quick.db\index.js
- C:\Users\famil\Documents\CAMIL\Bot\commands\divers\server.js
- C:\Users\famil\Documents\CAMIL\Bot\node_modules\require-all\index.js
- C:\Users\famil\Documents\CAMIL\Bot\node_modules\discord.js-commando\src\registry.js
- C:\Users\famil\Documents\CAMIL\Bot\node_modules\discord.js-commando\src\client.js
- C:\Users\famil\Documents\CAMIL\Bot\node_modules\discord.js-commando\src\index.js
- C:\Users\famil\Documents\CAMIL\Bot\client.js
- C:\Users\famil\Documents\CAMIL\Bot\bot.js
[07/03/2021 à 21:08:39] - [ERROR] - Cannot find module 'better-sqlite3'
Require stack:
- C:\Users\famil\Documents\CAMIL\Bot\node_modules\quick.db\src\index.js
- C:\Users\famil\Documents\CAMIL\Bot\node_modules\quick.db\index.js
- C:\Users\famil\Documents\CAMIL\Bot\commands\divers\server.js
- C:\Users\famil\Documents\CAMIL\Bot\node_modules\require-all\index.js
- C:\Users\famil\Documents\CAMIL\Bot\node_modules\discord.js-commando\src\registry.js
- C:\Users\famil\Documents\CAMIL\Bot\node_modules\discord.js-commando\src\client.js
- C:\Users\famil\Documents\CAMIL\Bot\node_modules\discord.js-commando\src\index.js
- C:\Users\famil\Documents\CAMIL\Bot\client.js
- C:\Users\famil\Documents\CAMIL\Bot\BOT.js
[07/03/2021 à 21:09:03] - [ERROR] - Cannot find module 'better-sqlite3'
Require stack:
- C:\Users\famil\Documents\CAMIL\Bot\node_modules\quick.db\src\index.js
- C:\Users\famil\Documents\CAMIL\Bot\node_modules\quick.db\index.js
- C:\Users\famil\Documents\CAMIL\Bot\commands\divers\server.js
- C:\Users\famil\Documents\CAMIL\Bot\node_modules\require-all\index.js
- C:\Users\famil\Documents\CAMIL\Bot\node_modules\discord.js-commando\src\registry.js
- C:\Users\famil\Documents\CAMIL\Bot\node_modules\discord.js-commando\src\client.js
- C:\Users\famil\Documents\CAMIL\Bot\node_modules\discord.js-commando\src\index.js
- C:\Users\famil\Documents\CAMIL\Bot\client.js
- C:\Users\famil\Documents\CAMIL\Bot\bot.js
[07/03/2021 à 21:12:40] - [ERROR] - Cannot find module 'better-sqlite3'
Require stack:
- C:\Users\famil\Documents\CAMIL\Bot\node_modules\quick.db\src\index.js
- C:\Users\famil\Documents\CAMIL\Bot\node_modules\quick.db\index.js
- C:\Users\famil\Documents\CAMIL\Bot\commands\divers\server.js
- C:\Users\famil\Documents\CAMIL\Bot\node_modules\require-all\index.js
- C:\Users\famil\Documents\CAMIL\Bot\node_modules\discord.js-commando\src\registry.js
- C:\Users\famil\Documents\CAMIL\Bot\node_modules\discord.js-commando\src\client.js
- C:\Users\famil\Documents\CAMIL\Bot\node_modules\discord.js-commando\src\index.js
- C:\Users\famil\Documents\CAMIL\Bot\client.js
- C:\Users\famil\Documents\CAMIL\Bot\bot.js
[07/03/2021 à 21:14:38] - [ERROR] - Cannot find module 'better-sqlite3'
Require stack:
- C:\Users\famil\Documents\CAMIL\Bot\node_modules\quick.db\src\index.js
- C:\Users\famil\Documents\CAMIL\Bot\node_modules\quick.db\index.js
- C:\Users\famil\Documents\CAMIL\Bot\commands\divers\server.js
- C:\Users\famil\Documents\CAMIL\Bot\node_modules\require-all\index.js
- C:\Users\famil\Documents\CAMIL\Bot\node_modules\discord.js-commando\src\registry.js
- C:\Users\famil\Documents\CAMIL\Bot\node_modules\discord.js-commando\src\client.js
- C:\Users\famil\Documents\CAMIL\Bot\node_modules\discord.js-commando\src\index.js
- C:\Users\famil\Documents\CAMIL\Bot\client.js
- C:\Users\famil\Documents\CAMIL\Bot\bot.js
[07/03/2021 à 21:19:46] - [INFO] - Je suis prêt !
[07/03/2021 à 21:19:46] - [INFO] - Bot identifié en tant que PEPE GUARDIOLA#2057! (817859509677719583)
[07/03/2021 à 21:35:38] - [INFO] - Je suis prêt !
[07/03/2021 à 21:35:38] - [INFO] - Bot identifié en tant que Random bot#2057! (817859509677719583)
[07/03/2021 à 21:36:46] - [INFO] - Je suis prêt !
[07/03/2021 à 21:36:46] - [INFO] - Bot identifié en tant que Random bot#2057! (817859509677719583)
[07/03/2021 à 21:37:28] - [INFO] - Je suis prêt !
[07/03/2021 à 21:37:28] - [INFO] - Bot identifié en tant que Random bot#2057! (817859509677719583)
[07/03/2021 à 21:37:38] - [INFO] - Je suis prêt !
[07/03/2021 à 21:37:38] - [INFO] - Bot identifié en tant que Random bot#2057! (817859509677719583)
[07/03/2021 à 21:38:59] - [INFO] - Je suis prêt !
[07/03/2021 à 21:38:59] - [INFO] - Bot identifié en tant que Random bot#2057! (817859509677719583)
[07/03/2021 à 21:44:07] - [INFO] - Je suis prêt !
[07/03/2021 à 21:44:07] - [INFO] - Bot identifié en tant que Random bot#2057! (817859509677719583)
[07/03/2021 à 21:46:53] - [INFO] - Je suis prêt !
[07/03/2021 à 21:46:53] - [INFO] - Bot identifié en tant que Random bot#2057! (817859509677719583)
[07/03/2021 à 21:49:42] - [INFO] - Je suis prêt !
[07/03/2021 à 21:49:42] - [INFO] - Bot identifié en tant que Random bot#2057! (817859509677719583)
[12/03/2021 à 20:41:27] - [INFO] - Je suis prêt !
[12/03/2021 à 20:41:27] - [INFO] - Bot identifié en tant que Railgun's bot#7823! (817775039285952533)
[12/03/2021 à 20:45:58] - [INFO] - Je suis prêt !
[12/03/2021 à 20:45:58] - [INFO] - Bot identifié en tant que Railgun's bot#7823! (817775039285952533)
[12/03/2021 à 20:46:19] - [INFO] - Je suis prêt !
[12/03/2021 à 20:46:19] - [INFO] - Bot identifié en tant que Railgun's bot#7823! (817775039285952533)
[12/03/2021 à 20:46:37] - [INFO] - Je suis prêt !
[12/03/2021 à 20:46:37] - [INFO] - Bot identifié en tant que Railgun's bot#7823! (817775039285952533)
